ProcessId=1 : Parent_ProcessID=0 : Average_Running_Time=.2064539
ProcessId=2 : Parent_ProcessID=0 : Average_Running_Time=.0497538
Average_Sleeping_Children_of_ParentID=0 is .1281038
ProcessId=1018 : Parent_ProcessID=1 : Average_Running_Time=.3659733
ProcessId=1019 : Parent_ProcessID=1 : Average_Running_Time=.3734747
ProcessId=1090 : Parent_ProcessID=1 : Average_Running_Time=.1484157
ProcessId=1091 : Parent_ProcessID=1 : Average_Running_Time=.1447690
ProcessId=1095 : Parent_ProcessID=1 : Average_Running_Time=.1847146
ProcessId=1096 : Parent_ProcessID=1 : Average_Running_Time=.2001974
ProcessId=1097 : Parent_ProcessID=1 : Average_Running_Time=.1421593
ProcessId=1100 : Parent_ProcessID=1 : Average_Running_Time=.6185492
ProcessId=1101 : Parent_ProcessID=1 : Average_Running_Time=.1175637
ProcessId=1108 : Parent_ProcessID=1 : Average_Running_Time=.3731216
ProcessId=1111 : Parent_ProcessID=1 : Average_Running_Time=1.2129545
ProcessId=1115 : Parent_ProcessID=1 : Average_Running_Time=.2648476
ProcessId=1121 : Parent_ProcessID=1 : Average_Running_Time=.0954869
ProcessId=1122 : Parent_ProcessID=1 : Average_Running_Time=.0281262
ProcessId=1124 : Parent_ProcessID=1 : Average_Running_Time=.0164671
ProcessId=1132 : Parent_ProcessID=1 : Average_Running_Time=.4816745
ProcessId=1136 : Parent_ProcessID=1 : Average_Running_Time=.0444606
ProcessId=1137 : Parent_ProcessID=1 : Average_Running_Time=.1846450
ProcessId=1138 : Parent_ProcessID=1 : Average_Running_Time=.3327939
ProcessId=1139 : Parent_ProcessID=1 : Average_Running_Time=.1373052
ProcessId=1277 : Parent_ProcessID=1 : Average_Running_Time=.6079286
ProcessId=1312 : Parent_ProcessID=1 : Average_Running_Time=1.0201988
ProcessId=1318 : Parent_ProcessID=1 : Average_Running_Time=.1548181
ProcessId=1359 : Parent_ProcessID=1 : Average_Running_Time=.1792373
ProcessId=1382 : Parent_ProcessID=1 : Average_Running_Time=.5736434
ProcessId=1402 : Parent_ProcessID=1 : Average_Running_Time=.4998722
ProcessId=1423 : Parent_ProcessID=1 : Average_Running_Time=.0729939
ProcessId=1560 : Parent_ProcessID=1 : Average_Running_Time=1.5970654
ProcessId=1963 : Parent_ProcessID=1 : Average_Running_Time=.1725342
ProcessId=1980 : Parent_ProcessID=1 : Average_Running_Time=6.5285821
ProcessId=1984 : Parent_ProcessID=1 : Average_Running_Time=6.5602290
ProcessId=2251 : Parent_ProcessID=1 : Average_Running_Time=.4218582
ProcessId=2293 : Parent_ProcessID=1 : Average_Running_Time=1.1576993
ProcessId=2323 : Parent_ProcessID=1 : Average_Running_Time=.1533578
ProcessId=2534 : Parent_ProcessID=1 : Average_Running_Time=.3460150
ProcessId=2545 : Parent_ProcessID=1 : Average_Running_Time=.1143881
ProcessId=274 : Parent_ProcessID=1 : Average_Running_Time=2.2624411
ProcessId=303 : Parent_ProcessID=1 : Average_Running_Time=.3167365
ProcessId=380062 : Parent_ProcessID=1 : Average_Running_Time=.6257013
ProcessId=466456 : Parent_ProcessID=1 : Average_Running_Time=.4624591
ProcessId=466475 : Parent_ProcessID=1 : Average_Running_Time=.1752452
ProcessId=466476 : Parent_ProcessID=1 : Average_Running_Time=.1469262
Average_Sleeping_Children_of_ParentID=1 is .7051816
ProcessId=102 : Parent_ProcessID=2 : Average_Running_Time=2.2326739
ProcessId=103 : Parent_ProcessID=2 : Average_Running_Time=.0037690
ProcessId=105 : Parent_ProcessID=2 : Average_Running_Time=.0034220
ProcessId=106 : Parent_ProcessID=2 : Average_Running_Time=.0051613
ProcessId=107 : Parent_ProcessID=2 : Average_Running_Time=.0036650
ProcessId=108 : Parent_ProcessID=2 : Average_Running_Time=.0035083
ProcessId=109 : Parent_ProcessID=2 : Average_Running_Time=.0039330
ProcessId=10 : Parent_ProcessID=2 : Average_Running_Time=.0257619
ProcessId=110 : Parent_ProcessID=2 : Average_Running_Time=.0053890
ProcessId=113 : Parent_ProcessID=2 : Average_Running_Time=.0040545
ProcessId=119378 : Parent_ProcessID=2 : Average_Running_Time=.0253826
ProcessId=11 : Parent_ProcessID=2 : Average_Running_Time=.0231977
ProcessId=122 : Parent_ProcessID=2 : Average_Running_Time=.0029470
ProcessId=12 : Parent_ProcessID=2 : Average_Running_Time=.0243347
ProcessId=13 : Parent_ProcessID=2 : Average_Running_Time=.0019570
ProcessId=141 : Parent_ProcessID=2 : Average_Running_Time=.0320955
ProcessId=147455 : Parent_ProcessID=2 : Average_Running_Time=.0279131
ProcessId=1493 : Parent_ProcessID=2 : Average_Running_Time=.1414591
ProcessId=1495 : Parent_ProcessID=2 : Average_Running_Time=.0827012
ProcessId=14 : Parent_ProcessID=2 : Average_Running_Time=.0372537
ProcessId=15 : Parent_ProcessID=2 : Average_Running_Time=.0957258
ProcessId=163827 : Parent_ProcessID=2 : Average_Running_Time=.0474342
ProcessId=16 : Parent_ProcessID=2 : Average_Running_Time=.0050750
ProcessId=17 : Parent_ProcessID=2 : Average_Running_Time=.0386249
ProcessId=188800 : Parent_ProcessID=2 : Average_Running_Time=.0454589
ProcessId=18 : Parent_ProcessID=2 : Average_Running_Time=.0253503
ProcessId=192 : Parent_ProcessID=2 : Average_Running_Time=.0302328
ProcessId=193 : Parent_ProcessID=2 : Average_Running_Time=.0144100
ProcessId=194 : Parent_ProcessID=2 : Average_Running_Time=.0104411
ProcessId=195038 : Parent_ProcessID=2 : Average_Running_Time=.0391259
ProcessId=195 : Parent_ProcessID=2 : Average_Running_Time=.0050070
ProcessId=196 : Parent_ProcessID=2 : Average_Running_Time=.0343829
ProcessId=197 : Parent_ProcessID=2 : Average_Running_Time=.0073270
ProcessId=2005 : Parent_ProcessID=2 : Average_Running_Time=.0083075
ProcessId=2011 : Parent_ProcessID=2 : Average_Running_Time=.0282318
ProcessId=209 : Parent_ProcessID=2 : Average_Running_Time=.0281872
ProcessId=20 : Parent_ProcessID=2 : Average_Running_Time=.0027010
ProcessId=210 : Parent_ProcessID=2 : Average_Running_Time=.0265284
ProcessId=21 : Parent_ProcessID=2 : Average_Running_Time=.1347301
ProcessId=22 : Parent_ProcessID=2 : Average_Running_Time=.0043924
ProcessId=230 : Parent_ProcessID=2 : Average_Running_Time=.0259145
ProcessId=231 : Parent_ProcessID=2 : Average_Running_Time=.0275193
ProcessId=2345 : Parent_ProcessID=2 : Average_Running_Time=.0168590
ProcessId=234 : Parent_ProcessID=2 : Average_Running_Time=.0711877
ProcessId=235 : Parent_ProcessID=2 : Average_Running_Time=.0250270
ProcessId=23 : Parent_ProcessID=2 : Average_Running_Time=.0405704
ProcessId=24 : Parent_ProcessID=2 : Average_Running_Time=.0273534
ProcessId=25341 : Parent_ProcessID=2 : Average_Running_Time=.0294697
ProcessId=257720 : Parent_ProcessID=2 : Average_Running_Time=.0494539
ProcessId=26 : Parent_ProcessID=2 : Average_Running_Time=.0028670
ProcessId=27 : Parent_ProcessID=2 : Average_Running_Time=.0867991
ProcessId=28 : Parent_ProcessID=2 : Average_Running_Time=.0040927
ProcessId=298312 : Parent_ProcessID=2 : Average_Running_Time=.0141343
ProcessId=298444 : Parent_ProcessID=2 : Average_Running_Time=.0263295
ProcessId=298651 : Parent_ProcessID=2 : Average_Running_Time=.0342742
ProcessId=298862 : Parent_ProcessID=2 : Average_Running_Time=.0819860
ProcessId=29 : Parent_ProcessID=2 : Average_Running_Time=.0336535
ProcessId=300880 : Parent_ProcessID=2 : Average_Running_Time=.0439910
ProcessId=30 : Parent_ProcessID=2 : Average_Running_Time=.0263266
ProcessId=318 : Parent_ProcessID=2 : Average_Running_Time=.0407695
ProcessId=32 : Parent_ProcessID=2 : Average_Running_Time=.0024366
ProcessId=331 : Parent_ProcessID=2 : Average_Running_Time=.0403186
ProcessId=33 : Parent_ProcessID=2 : Average_Running_Time=.0195510
ProcessId=34 : Parent_ProcessID=2 : Average_Running_Time=.0012675
ProcessId=35 : Parent_ProcessID=2 : Average_Running_Time=0
ProcessId=36 : Parent_ProcessID=2 : Average_Running_Time=.0227954
ProcessId=379869 : Parent_ProcessID=2 : Average_Running_Time=.0405122
ProcessId=380883 : Parent_ProcessID=2 : Average_Running_Time=.0468366
ProcessId=397 : Parent_ProcessID=2 : Average_Running_Time=.0433338
ProcessId=39 : Parent_ProcessID=2 : Average_Running_Time=.3727702
ProcessId=3 : Parent_ProcessID=2 : Average_Running_Time=.0152206
ProcessId=400 : Parent_ProcessID=2 : Average_Running_Time=.0372938
ProcessId=401597 : Parent_ProcessID=2 : Average_Running_Time=.0429786
ProcessId=401 : Parent_ProcessID=2 : Average_Running_Time=.0289196
ProcessId=402 : Parent_ProcessID=2 : Average_Running_Time=.0159125
ProcessId=404 : Parent_ProcessID=2 : Average_Running_Time=.0184914
ProcessId=405 : Parent_ProcessID=2 : Average_Running_Time=.0281296
ProcessId=40 : Parent_ProcessID=2 : Average_Running_Time=0
ProcessId=411818 : Parent_ProcessID=2 : Average_Running_Time=.0277513
ProcessId=41 : Parent_ProcessID=2 : Average_Running_Time=0
ProcessId=428 : Parent_ProcessID=2 : Average_Running_Time=.0233792
ProcessId=42 : Parent_ProcessID=2 : Average_Running_Time=1.7786937
ProcessId=43 : Parent_ProcessID=2 : Average_Running_Time=0
ProcessId=445 : Parent_ProcessID=2 : Average_Running_Time=.0202995
ProcessId=447255 : Parent_ProcessID=2 : Average_Running_Time=.0133598
ProcessId=44 : Parent_ProcessID=2 : Average_Running_Time=.0835242
ProcessId=457594 : Parent_ProcessID=2 : Average_Running_Time=.0267023
ProcessId=460 : Parent_ProcessID=2 : Average_Running_Time=.0263061
ProcessId=465 : Parent_ProcessID=2 : Average_Running_Time=.0483225
ProcessId=466404 : Parent_ProcessID=2 : Average_Running_Time=.0305464
ProcessId=466406 : Parent_ProcessID=2 : Average_Running_Time=.0107705
ProcessId=467 : Parent_ProcessID=2 : Average_Running_Time=.0096770
ProcessId=471 : Parent_ProcessID=2 : Average_Running_Time=.0326055
ProcessId=485 : Parent_ProcessID=2 : Average_Running_Time=.0033140
ProcessId=486 : Parent_ProcessID=2 : Average_Running_Time=.0062885
ProcessId=489611 : Parent_ProcessID=2 : Average_Running_Time=.0083230
ProcessId=489613 : Parent_ProcessID=2 : Average_Running_Time=.0054680
ProcessId=489617 : Parent_ProcessID=2 : Average_Running_Time=.0063285
ProcessId=489618 : Parent_ProcessID=2 : Average_Running_Time=.0054285
ProcessId=489619 : Parent_ProcessID=2 : Average_Running_Time=.0092785
ProcessId=489620 : Parent_ProcessID=2 : Average_Running_Time=.0084710
ProcessId=489621 : Parent_ProcessID=2 : Average_Running_Time=.0107175
ProcessId=489622 : Parent_ProcessID=2 : Average_Running_Time=.0115980
ProcessId=490387 : Parent_ProcessID=2 : Average_Running_Time=.0446839
ProcessId=494146 : Parent_ProcessID=2 : Average_Running_Time=.0464818
ProcessId=494 : Parent_ProcessID=2 : Average_Running_Time=.0199195
ProcessId=497036 : Parent_ProcessID=2 : Average_Running_Time=.0283516
ProcessId=497103 : Parent_ProcessID=2 : Average_Running_Time=.0148944
ProcessId=497198 : Parent_ProcessID=2 : Average_Running_Time=.0320355
ProcessId=497242 : Parent_ProcessID=2 : Average_Running_Time=.0114744
ProcessId=497415 : Parent_ProcessID=2 : Average_Running_Time=.0387156
ProcessId=497835 : Parent_ProcessID=2 : Average_Running_Time=.0085837
ProcessId=497857 : Parent_ProcessID=2 : Average_Running_Time=.0199427
ProcessId=4 : Parent_ProcessID=2 : Average_Running_Time=.0010865
ProcessId=502101 : Parent_ProcessID=2 : Average_Running_Time=.0403423
ProcessId=504247 : Parent_ProcessID=2 : Average_Running_Time=.0347730
ProcessId=520025 : Parent_ProcessID=2 : Average_Running_Time=.0110792
ProcessId=521 : Parent_ProcessID=2 : Average_Running_Time=.0414481
ProcessId=522290 : Parent_ProcessID=2 : Average_Running_Time=.0123473
ProcessId=522300 : Parent_ProcessID=2 : Average_Running_Time=.0136945
ProcessId=524074 : Parent_ProcessID=2 : Average_Running_Time=.0128504
ProcessId=524094 : Parent_ProcessID=2 : Average_Running_Time=.0078810
ProcessId=524095 : Parent_ProcessID=2 : Average_Running_Time=.0443232
ProcessId=524096 : Parent_ProcessID=2 : Average_Running_Time=.0100151
ProcessId=529 : Parent_ProcessID=2 : Average_Running_Time=.0066045
ProcessId=530 : Parent_ProcessID=2 : Average_Running_Time=.0079450
ProcessId=531 : Parent_ProcessID=2 : Average_Running_Time=.0157457
ProcessId=53935 : Parent_ProcessID=2 : Average_Running_Time=.0187245
ProcessId=543 : Parent_ProcessID=2 : Average_Running_Time=.0145515
ProcessId=559 : Parent_ProcessID=2 : Average_Running_Time=.0214330
ProcessId=573 : Parent_ProcessID=2 : Average_Running_Time=.0437516
ProcessId=587 : Parent_ProcessID=2 : Average_Running_Time=.0357057
ProcessId=600 : Parent_ProcessID=2 : Average_Running_Time=.0151932
ProcessId=601 : Parent_ProcessID=2 : Average_Running_Time=.0207117
ProcessId=603 : Parent_ProcessID=2 : Average_Running_Time=.0495273
ProcessId=607 : Parent_ProcessID=2 : Average_Running_Time=.0129927
ProcessId=616 : Parent_ProcessID=2 : Average_Running_Time=.0204120
ProcessId=637 : Parent_ProcessID=2 : Average_Running_Time=.0339204
ProcessId=647 : Parent_ProcessID=2 : Average_Running_Time=.0413354
ProcessId=6 : Parent_ProcessID=2 : Average_Running_Time=.0041844
ProcessId=70230 : Parent_ProcessID=2 : Average_Running_Time=.0356891
ProcessId=780 : Parent_ProcessID=2 : Average_Running_Time=.0063690
ProcessId=781 : Parent_ProcessID=2 : Average_Running_Time=.0072525
ProcessId=787 : Parent_ProcessID=2 : Average_Running_Time=.0177637
ProcessId=798 : Parent_ProcessID=2 : Average_Running_Time=.0036215
ProcessId=804 : Parent_ProcessID=2 : Average_Running_Time=.0266459
ProcessId=811 : Parent_ProcessID=2 : Average_Running_Time=.0453757
ProcessId=872 : Parent_ProcessID=2 : Average_Running_Time=.0195928
ProcessId=877 : Parent_ProcessID=2 : Average_Running_Time=.0222117
ProcessId=895 : Parent_ProcessID=2 : Average_Running_Time=.0445982
ProcessId=91 : Parent_ProcessID=2 : Average_Running_Time=0
ProcessId=924 : Parent_ProcessID=2 : Average_Running_Time=.0226416
ProcessId=92 : Parent_ProcessID=2 : Average_Running_Time=0
ProcessId=93 : Parent_ProcessID=2 : Average_Running_Time=0
ProcessId=94 : Parent_ProcessID=2 : Average_Running_Time=0
ProcessId=95 : Parent_ProcessID=2 : Average_Running_Time=0
ProcessId=966 : Parent_ProcessID=2 : Average_Running_Time=.0352007
ProcessId=96 : Parent_ProcessID=2 : Average_Running_Time=0
ProcessId=977 : Parent_ProcessID=2 : Average_Running_Time=.0183841
ProcessId=97 : Parent_ProcessID=2 : Average_Running_Time=0
ProcessId=987 : Parent_ProcessID=2 : Average_Running_Time=.0381744
ProcessId=988 : Parent_ProcessID=2 : Average_Running_Time=.0469687
ProcessId=989 : Parent_ProcessID=2 : Average_Running_Time=.0185087
ProcessId=98 : Parent_ProcessID=2 : Average_Running_Time=0
ProcessId=992 : Parent_ProcessID=2 : Average_Running_Time=.0265076
ProcessId=99 : Parent_ProcessID=2 : Average_Running_Time=0
ProcessId=9 : Parent_ProcessID=2 : Average_Running_Time=.0011285
Average_Sleeping_Children_of_ParentID=2 is .0497547
ProcessId=1157 : Parent_ProcessID=1095 : Average_Running_Time=.0727760
Average_Sleeping_Children_of_ParentID=1095 is .0727760
ProcessId=1383 : Parent_ProcessID=1359 : Average_Running_Time=.0933317
ProcessId=2286 : Parent_ProcessID=1359 : Average_Running_Time=.1914244
Average_Sleeping_Children_of_ParentID=1359 is .1423780
ProcessId=1417 : Parent_ProcessID=1383 : Average_Running_Time=.0818058
Average_Sleeping_Children_of_ParentID=1383 is .0818058
ProcessId=1403 : Parent_ProcessID=1402 : Average_Running_Time=.2900080
ProcessId=1414 : Parent_ProcessID=1402 : Average_Running_Time=.0871485
ProcessId=1416 : Parent_ProcessID=1402 : Average_Running_Time=.1589338
ProcessId=1422 : Parent_ProcessID=1402 : Average_Running_Time=.1215392
ProcessId=1430 : Parent_ProcessID=1402 : Average_Running_Time=.1013786
ProcessId=1445 : Parent_ProcessID=1402 : Average_Running_Time=.5732026
ProcessId=1454 : Parent_ProcessID=1402 : Average_Running_Time=2.2455319
ProcessId=1499 : Parent_ProcessID=1402 : Average_Running_Time=.0627794
ProcessId=1518 : Parent_ProcessID=1402 : Average_Running_Time=.0850565
ProcessId=1525 : Parent_ProcessID=1402 : Average_Running_Time=.0623702
ProcessId=1538 : Parent_ProcessID=1402 : Average_Running_Time=.0818487
ProcessId=1544 : Parent_ProcessID=1402 : Average_Running_Time=.1092874
ProcessId=1555 : Parent_ProcessID=1402 : Average_Running_Time=.0799859
ProcessId=1874 : Parent_ProcessID=1402 : Average_Running_Time=.0802729
ProcessId=1936 : Parent_ProcessID=1402 : Average_Running_Time=.0669952
ProcessId=1943 : Parent_ProcessID=1402 : Average_Running_Time=.0558187
ProcessId=1950 : Parent_ProcessID=1402 : Average_Running_Time=.0964206
ProcessId=1957 : Parent_ProcessID=1402 : Average_Running_Time=1.7323401
ProcessId=2114 : Parent_ProcessID=1402 : Average_Running_Time=.2170662
ProcessId=2119 : Parent_ProcessID=1402 : Average_Running_Time=.0495319
ProcessId=2126 : Parent_ProcessID=1402 : Average_Running_Time=.0475375
ProcessId=2129 : Parent_ProcessID=1402 : Average_Running_Time=.0600044
ProcessId=2141 : Parent_ProcessID=1402 : Average_Running_Time=.4326579
ProcessId=2152 : Parent_ProcessID=1402 : Average_Running_Time=.0748965
ProcessId=2156 : Parent_ProcessID=1402 : Average_Running_Time=.0647328
ProcessId=2157 : Parent_ProcessID=1402 : Average_Running_Time=.4165142
ProcessId=2158 : Parent_ProcessID=1402 : Average_Running_Time=.2462389
ProcessId=2159 : Parent_ProcessID=1402 : Average_Running_Time=.1571919
ProcessId=2161 : Parent_ProcessID=1402 : Average_Running_Time=.1454509
ProcessId=2162 : Parent_ProcessID=1402 : Average_Running_Time=.1368955
ProcessId=2163 : Parent_ProcessID=1402 : Average_Running_Time=.0562586
ProcessId=2164 : Parent_ProcessID=1402 : Average_Running_Time=.0893891
ProcessId=2165 : Parent_ProcessID=1402 : Average_Running_Time=.0806005
ProcessId=2167 : Parent_ProcessID=1402 : Average_Running_Time=.0703467
ProcessId=2169 : Parent_ProcessID=1402 : Average_Running_Time=.2496034
ProcessId=2171 : Parent_ProcessID=1402 : Average_Running_Time=.0776913
ProcessId=2175 : Parent_ProcessID=1402 : Average_Running_Time=.1526814
ProcessId=2236 : Parent_ProcessID=1402 : Average_Running_Time=.1038596
ProcessId=298889 : Parent_ProcessID=1402 : Average_Running_Time=.0539807
Average_Sleeping_Children_of_ParentID=1402 is .2326679
ProcessId=1419 : Parent_ProcessID=1417 : Average_Running_Time=.1635277
ProcessId=1872 : Parent_ProcessID=1417 : Average_Running_Time=.1405522
Average_Sleeping_Children_of_ParentID=1417 is .1520399
ProcessId=1885 : Parent_ProcessID=1874 : Average_Running_Time=.0586287
Average_Sleeping_Children_of_ParentID=1874 is .0586287
ProcessId=2108 : Parent_ProcessID=1957 : Average_Running_Time=.1699397
Average_Sleeping_Children_of_ParentID=1957 is .1699397
ProcessId=2111 : Parent_ProcessID=2108 : Average_Running_Time=.0716060
ProcessId=2188 : Parent_ProcessID=2108 : Average_Running_Time=.1230730
Average_Sleeping_Children_of_ParentID=2108 is .0973395
ProcessId=2379 : Parent_ProcessID=2286 : Average_Running_Time=.1086493
ProcessId=257885 : Parent_ProcessID=2286 : Average_Running_Time=.1697815
Average_Sleeping_Children_of_ParentID=2286 is .1392154
ProcessId=2294 : Parent_ProcessID=2293 : Average_Running_Time=.3000690
ProcessId=2300 : Parent_ProcessID=2293 : Average_Running_Time=.1514379
ProcessId=2302 : Parent_ProcessID=2293 : Average_Running_Time=.3466020
ProcessId=2304 : Parent_ProcessID=2293 : Average_Running_Time=.1802752
ProcessId=2322 : Parent_ProcessID=2293 : Average_Running_Time=.1758594
ProcessId=2329 : Parent_ProcessID=2293 : Average_Running_Time=.7017251
ProcessId=2332 : Parent_ProcessID=2293 : Average_Running_Time=2.4453324
ProcessId=2347 : Parent_ProcessID=2293 : Average_Running_Time=.1085661
ProcessId=2351 : Parent_ProcessID=2293 : Average_Running_Time=.1087352
ProcessId=2357 : Parent_ProcessID=2293 : Average_Running_Time=.1111337
ProcessId=2361 : Parent_ProcessID=2293 : Average_Running_Time=.1062530
ProcessId=2365 : Parent_ProcessID=2293 : Average_Running_Time=.1314209
ProcessId=2372 : Parent_ProcessID=2293 : Average_Running_Time=.1000589
ProcessId=2548 : Parent_ProcessID=2293 : Average_Running_Time=.0398468
ProcessId=2552 : Parent_ProcessID=2293 : Average_Running_Time=.0684814
ProcessId=2566 : Parent_ProcessID=2293 : Average_Running_Time=.0624038
ProcessId=2567 : Parent_ProcessID=2293 : Average_Running_Time=.0957178
ProcessId=2574 : Parent_ProcessID=2293 : Average_Running_Time=.0498629
ProcessId=2577 : Parent_ProcessID=2293 : Average_Running_Time=.1460556
ProcessId=2592 : Parent_ProcessID=2293 : Average_Running_Time=.0727419
ProcessId=2594 : Parent_ProcessID=2293 : Average_Running_Time=.2723656
ProcessId=2600 : Parent_ProcessID=2293 : Average_Running_Time=.2209718
ProcessId=2610 : Parent_ProcessID=2293 : Average_Running_Time=.6097747
ProcessId=2628 : Parent_ProcessID=2293 : Average_Running_Time=.8600831
ProcessId=2661 : Parent_ProcessID=2293 : Average_Running_Time=.2515935
ProcessId=2667 : Parent_ProcessID=2293 : Average_Running_Time=.1396765
ProcessId=2676 : Parent_ProcessID=2293 : Average_Running_Time=.1269959
ProcessId=2687 : Parent_ProcessID=2293 : Average_Running_Time=.1401637
ProcessId=2713 : Parent_ProcessID=2293 : Average_Running_Time=.6705476
ProcessId=2727 : Parent_ProcessID=2293 : Average_Running_Time=.0721010
ProcessId=2728 : Parent_ProcessID=2293 : Average_Running_Time=.2385548
ProcessId=2729 : Parent_ProcessID=2293 : Average_Running_Time=.0799898
ProcessId=2730 : Parent_ProcessID=2293 : Average_Running_Time=1.7909924
ProcessId=2731 : Parent_ProcessID=2293 : Average_Running_Time=.1014115
ProcessId=2732 : Parent_ProcessID=2293 : Average_Running_Time=.1991894
ProcessId=2733 : Parent_ProcessID=2293 : Average_Running_Time=.1216994
ProcessId=2734 : Parent_ProcessID=2293 : Average_Running_Time=.0858635
ProcessId=2735 : Parent_ProcessID=2293 : Average_Running_Time=.0692901
ProcessId=2736 : Parent_ProcessID=2293 : Average_Running_Time=.0749192
ProcessId=2740 : Parent_ProcessID=2293 : Average_Running_Time=.1619460
ProcessId=2746 : Parent_ProcessID=2293 : Average_Running_Time=.0746527
ProcessId=2748 : Parent_ProcessID=2293 : Average_Running_Time=.0765659
ProcessId=2757 : Parent_ProcessID=2293 : Average_Running_Time=.0766855
ProcessId=2764 : Parent_ProcessID=2293 : Average_Running_Time=.1032952
ProcessId=2765 : Parent_ProcessID=2293 : Average_Running_Time=.0753040
ProcessId=2772 : Parent_ProcessID=2293 : Average_Running_Time=.1544057
ProcessId=2780 : Parent_ProcessID=2293 : Average_Running_Time=.1404929
ProcessId=298888 : Parent_ProcessID=2293 : Average_Running_Time=.0538252
ProcessId=3115 : Parent_ProcessID=2293 : Average_Running_Time=.1562299
ProcessId=3116 : Parent_ProcessID=2293 : Average_Running_Time=.1967356
ProcessId=3119 : Parent_ProcessID=2293 : Average_Running_Time=.5196896
ProcessId=449920 : Parent_ProcessID=2293 : Average_Running_Time=.4027447
ProcessId=484197 : Parent_ProcessID=2293 : Average_Running_Time=.1792238
ProcessId=5139 : Parent_ProcessID=2293 : Average_Running_Time=.3801154
ProcessId=522306 : Parent_ProcessID=2293 : Average_Running_Time=.4738582
ProcessId=53830 : Parent_ProcessID=2293 : Average_Running_Time=.3063183
ProcessId=5431 : Parent_ProcessID=2293 : Average_Running_Time=.7912101
Average_Sleeping_Children_of_ParentID=2293 is .2798607
ProcessId=22162 : Parent_ProcessID=2322 : Average_Running_Time=.1902804
ProcessId=2706 : Parent_ProcessID=2322 : Average_Running_Time=.1511204
ProcessId=299100 : Parent_ProcessID=2322 : Average_Running_Time=.5177148
ProcessId=6641 : Parent_ProcessID=2322 : Average_Running_Time=.0857122
ProcessId=6656 : Parent_ProcessID=2322 : Average_Running_Time=.1627958
Average_Sleeping_Children_of_ParentID=2322 is .2215247
ProcessId=8440 : Parent_ProcessID=2323 : Average_Running_Time=1.2071969
Average_Sleeping_Children_of_ParentID=2323 is 1.2071969
ProcessId=2381 : Parent_ProcessID=2379 : Average_Running_Time=.1227130
ProcessId=2444 : Parent_ProcessID=2379 : Average_Running_Time=.2689379
Average_Sleeping_Children_of_ParentID=2379 is .1958254
ProcessId=2517 : Parent_ProcessID=2444 : Average_Running_Time=.0610671
Average_Sleeping_Children_of_ParentID=2444 is .0610671
ProcessId=2538 : Parent_ProcessID=2534 : Average_Running_Time=.0765749
ProcessId=2539 : Parent_ProcessID=2534 : Average_Running_Time=.0818641
ProcessId=2541 : Parent_ProcessID=2534 : Average_Running_Time=.1159446
ProcessId=2633 : Parent_ProcessID=2534 : Average_Running_Time=.1555944
Average_Sleeping_Children_of_ParentID=2534 is .1074945
ProcessId=2557 : Parent_ProcessID=2552 : Average_Running_Time=.1556027
Average_Sleeping_Children_of_ParentID=2552 is .1556027
ProcessId=2781 : Parent_ProcessID=2600 : Average_Running_Time=.0923896
ProcessId=2798 : Parent_ProcessID=2600 : Average_Running_Time=.1137148
ProcessId=5138 : Parent_ProcessID=2600 : Average_Running_Time=.1191186
Average_Sleeping_Children_of_ParentID=2600 is .1084076
ProcessId=351851 : Parent_ProcessID=2628 : Average_Running_Time=.3875602
ProcessId=352992 : Parent_ProcessID=2628 : Average_Running_Time=.1437237
ProcessId=410965 : Parent_ProcessID=2628 : Average_Running_Time=.7886937
ProcessId=418487 : Parent_ProcessID=2628 : Average_Running_Time=.2156367
ProcessId=450162 : Parent_ProcessID=2628 : Average_Running_Time=.4020050
ProcessId=458844 : Parent_ProcessID=2628 : Average_Running_Time=.1861827
ProcessId=469327 : Parent_ProcessID=2628 : Average_Running_Time=.9944557
Average_Sleeping_Children_of_ParentID=2628 is .4454653
ProcessId=453673 : Parent_ProcessID=53830 : Average_Running_Time=.2881321
ProcessId=495197 : Parent_ProcessID=53830 : Average_Running_Time=.1751389
ProcessId=53841 : Parent_ProcessID=53830 : Average_Running_Time=.4149548
Average_Sleeping_Children_of_ParentID=53830 is .2927419
ProcessId=53858 : Parent_ProcessID=53841 : Average_Running_Time=.1067564
Average_Sleeping_Children_of_ParentID=53841 is .1067564
ProcessId=353057 : Parent_ProcessID=352992 : Average_Running_Time=3.5000900
Average_Sleeping_Children_of_ParentID=352992 is 3.5000900
ProcessId=417920 : Parent_ProcessID=353057 : Average_Running_Time=.0552287
ProcessId=442615 : Parent_ProcessID=353057 : Average_Running_Time=4.2149141
Average_Sleeping_Children_of_ParentID=353057 is 2.1350714
ProcessId=418638 : Parent_ProcessID=418487 : Average_Running_Time=.8188935
ProcessId=418639 : Parent_ProcessID=418487 : Average_Running_Time=1.1471884
ProcessId=418691 : Parent_ProcessID=418487 : Average_Running_Time=.4122534
Average_Sleeping_Children_of_ParentID=418487 is .7927784
ProcessId=418674 : Parent_ProcessID=418638 : Average_Running_Time=.4445934
Average_Sleeping_Children_of_ParentID=418638 is .4445934
ProcessId=418709 : Parent_ProcessID=418639 : Average_Running_Time=.4615763
Average_Sleeping_Children_of_ParentID=418639 is .4615763
ProcessId=449924 : Parent_ProcessID=449920 : Average_Running_Time=.8561016
ProcessId=449952 : Parent_ProcessID=449920 : Average_Running_Time=.3730881
ProcessId=449973 : Parent_ProcessID=449920 : Average_Running_Time=.6720007
ProcessId=450024 : Parent_ProcessID=449920 : Average_Running_Time=.6672703
Average_Sleeping_Children_of_ParentID=449920 is .6421151
ProcessId=449926 : Parent_ProcessID=449924 : Average_Running_Time=.0397950
Average_Sleeping_Children_of_ParentID=449924 is .0397950
ProcessId=449961 : Parent_ProcessID=449952 : Average_Running_Time=.0688251
Average_Sleeping_Children_of_ParentID=449952 is .0688251
ProcessId=450165 : Parent_ProcessID=450162 : Average_Running_Time=.6544307
Average_Sleeping_Children_of_ParentID=450162 is .6544307
ProcessId=450195 : Parent_ProcessID=450165 : Average_Running_Time=.7392405
ProcessId=450228 : Parent_ProcessID=450165 : Average_Running_Time=.5748768
ProcessId=450275 : Parent_ProcessID=450165 : Average_Running_Time=.4188062
Average_Sleeping_Children_of_ParentID=450165 is .5776411
ProcessId=469437 : Parent_ProcessID=469327 : Average_Running_Time=1.2766850
ProcessId=469469 : Parent_ProcessID=469327 : Average_Running_Time=.2486287
ProcessId=469479 : Parent_ProcessID=469327 : Average_Running_Time=1.5134467
ProcessId=469556 : Parent_ProcessID=469327 : Average_Running_Time=.6113939
ProcessId=497952 : Parent_ProcessID=469327 : Average_Running_Time=.4042491
Average_Sleeping_Children_of_ParentID=469327 is .8108806
ProcessId=484235 : Parent_ProcessID=484197 : Average_Running_Time=.5329517
ProcessId=484236 : Parent_ProcessID=484197 : Average_Running_Time=.9558763
ProcessId=484477 : Parent_ProcessID=484197 : Average_Running_Time=.5116324
ProcessId=487959 : Parent_ProcessID=484197 : Average_Running_Time=.2381408
Average_Sleeping_Children_of_ParentID=484197 is .5596503
ProcessId=484470 : Parent_ProcessID=484235 : Average_Running_Time=.4234057
Average_Sleeping_Children_of_ParentID=484235 is .4234057
ProcessId=484290 : Parent_ProcessID=484236 : Average_Running_Time=.4401293
Average_Sleeping_Children_of_ParentID=484236 is .4401293
ProcessId=484684 : Parent_ProcessID=484290 : Average_Running_Time=.3190982
ProcessId=484686 : Parent_ProcessID=484290 : Average_Running_Time=.1777320
ProcessId=484880 : Parent_ProcessID=484290 : Average_Running_Time=.2513170
ProcessId=484955 : Parent_ProcessID=484290 : Average_Running_Time=.2246867
ProcessId=485020 : Parent_ProcessID=484290 : Average_Running_Time=.1520986
ProcessId=485043 : Parent_ProcessID=484290 : Average_Running_Time=.7221194
ProcessId=485081 : Parent_ProcessID=484290 : Average_Running_Time=.5741275
ProcessId=485118 : Parent_ProcessID=484290 : Average_Running_Time=.2035790
ProcessId=485140 : Parent_ProcessID=484290 : Average_Running_Time=.1374020
ProcessId=485489 : Parent_ProcessID=484290 : Average_Running_Time=.2834121
ProcessId=485950 : Parent_ProcessID=484290 : Average_Running_Time=.5665805
ProcessId=486108 : Parent_ProcessID=484290 : Average_Running_Time=.4417230
ProcessId=486111 : Parent_ProcessID=484290 : Average_Running_Time=.6392064
ProcessId=487609 : Parent_ProcessID=484290 : Average_Running_Time=.5565749
ProcessId=487741 : Parent_ProcessID=484290 : Average_Running_Time=.4863324
ProcessId=488212 : Parent_ProcessID=484290 : Average_Running_Time=.4205191
ProcessId=488795 : Parent_ProcessID=484290 : Average_Running_Time=.3365273
ProcessId=489533 : Parent_ProcessID=484290 : Average_Running_Time=.4167109
ProcessId=489641 : Parent_ProcessID=484290 : Average_Running_Time=.9029607
ProcessId=490032 : Parent_ProcessID=484290 : Average_Running_Time=.6356265
ProcessId=490491 : Parent_ProcessID=484290 : Average_Running_Time=.1755267
ProcessId=491214 : Parent_ProcessID=484290 : Average_Running_Time=.5400572
ProcessId=491617 : Parent_ProcessID=484290 : Average_Running_Time=.6434805
ProcessId=491624 : Parent_ProcessID=484290 : Average_Running_Time=.5673211
ProcessId=491771 : Parent_ProcessID=484290 : Average_Running_Time=.2545277
ProcessId=492293 : Parent_ProcessID=484290 : Average_Running_Time=.5563111
ProcessId=492845 : Parent_ProcessID=484290 : Average_Running_Time=.8283934
ProcessId=492956 : Parent_ProcessID=484290 : Average_Running_Time=.2245100
ProcessId=492980 : Parent_ProcessID=484290 : Average_Running_Time=.2396064
ProcessId=493022 : Parent_ProcessID=484290 : Average_Running_Time=.4404720
ProcessId=494927 : Parent_ProcessID=484290 : Average_Running_Time=.4462305
ProcessId=495370 : Parent_ProcessID=484290 : Average_Running_Time=.8440334
ProcessId=495600 : Parent_ProcessID=484290 : Average_Running_Time=.4739239
ProcessId=497092 : Parent_ProcessID=484290 : Average_Running_Time=.4557187
ProcessId=497111 : Parent_ProcessID=484290 : Average_Running_Time=.4876341
ProcessId=497676 : Parent_ProcessID=484290 : Average_Running_Time=.3181008
ProcessId=497695 : Parent_ProcessID=484290 : Average_Running_Time=.3333028
ProcessId=497712 : Parent_ProcessID=484290 : Average_Running_Time=.3295820
ProcessId=497739 : Parent_ProcessID=484290 : Average_Running_Time=.3983412
ProcessId=497750 : Parent_ProcessID=484290 : Average_Running_Time=.6124734
ProcessId=497762 : Parent_ProcessID=484290 : Average_Running_Time=.4192363
Average_Sleeping_Children_of_ParentID=484290 is .4399296
ProcessId=484617 : Parent_ProcessID=484470 : Average_Running_Time=.0950312
Average_Sleeping_Children_of_ParentID=484470 is .0950312
ProcessId=514279 : Parent_ProcessID=495197 : Average_Running_Time=.2168296
Average_Sleeping_Children_of_ParentID=495197 is .2168296
ProcessId=537199 : Parent_ProcessID=514279 : Average_Running_Time=.1352841
Average_Sleeping_Children_of_ParentID=514279 is .1352841
