159
2293:systemd
2294:(sd-pam)
2300:pulseaudio
2302:tracker-miner-f
2304:dbus-daemon
2322:gvfsd
2323:gnome-keyring-d
2329:gvfsd-fuse
2332:gvfs-udisks2-vo
2347:gvfs-gphoto2-vo
2351:gvfs-afc-volume
2357:gvfs-mtp-volume
2361:gvfs-goa-volume
2365:goa-daemon
2372:goa-identity-se
2379:gdm-x-session
2381:Xorg
2444:gnome-session-b
2517:ssh-agent
2534:ibus-daemon
2538:ibus-memconf
2539:ibus-ui-gtk3
2541:ibus-extension-
2545:ibus-x11
2548:ibus-portal
2552:at-spi-bus-laun
2557:dbus-daemon
2566:at-spi2-registr
2567:xdg-desktop-por
2574:xdg-document-po
2577:xdg-permission-
2592:gnome-session-c
2594:xdg-desktop-por
2600:gnome-session-b
2610:dconf-service
2628:gnome-shell
2633:ibus-engine-sim
2661:gnome-shell-cal
2667:evolution-sourc
2676:evolution-calen
2687:evolution-addre
2706:gvfsd-trash
2713:gjs
2727:gsd-a11y-settin
2728:gsd-color
2729:gsd-datetime
2730:gsd-housekeepin
2731:gsd-keyboard
2732:gsd-media-keys
2733:gsd-power
2734:gsd-print-notif
2735:gsd-rfkill
2736:gsd-screensaver
2740:gsd-sharing
2746:gsd-smartcard
2748:gsd-sound
2757:gsd-usb-protect
2764:gsd-wacom
2765:gsd-wwan
2772:gsd-xsettings
2780:gsd-printer
2781:gsd-disk-utilit
2798:evolution-alarm
3115:gnome-calendar
3116:seahorse
3119:gnome-software
5138:update-notifier
5139:gvfsd-metadata
5431:snap
6641:gvfsd-network
6656:gvfsd-dnssd
8440:ssh-agent
22162:gvfsd-http
53830:gnome-terminal-
53841:bash
53858:ngrok
298888:tracker-store
299100:gvfsd-recent
351851:createThumbnail
352992:pycharm.sh
353057:java
410965:createThumbnail
417920:fsnotifier64
418487:spotify
418638:spotify
418639:spotify
418674:spotify
418691:spotify
418709:spotify
442615:bash
449920:atom
449924:atom
449926:atom
449952:atom
449961:atom
449973:atom
450024:atom
450162:vk
450165:vk
450195:vk
450228:vk
450275:vk
453673:bash
458844:telegram-deskto
469327:Discord
469437:Discord
469469:Discord
469479:Discord
469556:Discord
484197:chrome
484235:chrome
484236:chrome
484290:chrome
484470:chrome
484477:chrome
484617:chrome
484684:chrome
484686:chrome
484880:chrome
484955:chrome
485020:chrome
485043:chrome
485081:chrome
485118:chrome
485140:chrome
485489:chrome
485950:chrome
486108:chrome
486111:chrome
487609:chrome
487741:chrome
487959:chrome
488212:chrome
488795:chrome
489533:chrome
489641:chrome
490032:chrome
490491:chrome
491214:chrome
491617:chrome
491624:chrome
491771:chrome
492293:chrome
492845:chrome
492956:chrome
492980:chrome
493022:chrome
494828:Discord
494927:chrome
495197:bash
495370:chrome
495600:chrome
495815:chrome
495984:vim
496087:bash
496088:bash
496089:ps
496090:grep
496091:awk
